mai 24, 2018 1:21:06 PM org.apache.catalina.startup.HostConfig undeploy
INFO: Undeploying context []
mai 24, 2018 1:21:07 PM org.apache.catalina.loader.WebappClassLoader clearReferencesJdbc
WARNING: JDBC driver de-registration failed for web application []
java.lang.NullPointerException
	at org.apache.catalina.loader.WebappClassLoader.clearReferencesJdbc(WebappClassLoader.java:2071)
	at org.apache.catalina.loader.WebappClassLoader.clearReferences(WebappClassLoader.java:2007)
	at org.apache.catalina.loader.WebappClassLoader.stop(WebappClassLoader.java:1908)
	at org.apache.catalina.loader.WebappLoader.stopInternal(WebappLoader.java:661)
	at org.apache.catalina.util.LifecycleBase.stop(LifecycleBase.java:232)
	at org.apache.catalina.core.StandardContext.stopInternal(StandardContext.java:5766)
	at org.apache.catalina.util.LifecycleBase.stop(LifecycleBase.java:232)
	at org.apache.catalina.core.ContainerBase.removeChild(ContainerBase.java:1028)
	at org.apache.catalina.startup.HostConfig.undeploy(HostConfig.java:1547)
	at org.apache.catalina.startup.HostConfig.checkResources(HostConfig.java:1474)
	at org.apache.catalina.startup.HostConfig.check(HostConfig.java:1695)
	at org.apache.catalina.startup.HostConfig.lifecycleEvent(HostConfig.java:333)
	at org.apache.catalina.util.LifecycleSupport.fireLifecycleEvent(LifecycleSupport.java:117)
	at org.apache.catalina.util.LifecycleBase.fireLifecycleEvent(LifecycleBase.java:90)
	at org.apache.catalina.core.ContainerBase.backgroundProcess(ContainerBase.java:1374)
	at org.apache.catalina.core.ContainerBase$ContainerBackgroundProcessor.processChildren(ContainerBase.java:1546)
	at org.apache.catalina.core.ContainerBase$ContainerBackgroundProcessor.processChildren(ContainerBase.java:1556)
	at org.apache.catalina.core.ContainerBase$ContainerBackgroundProcessor.run(ContainerBase.java:1524)
	at java.lang.Thread.run(Thread.java:748)

mai 24, 2018 1:21:07 PM org.apache.catalina.startup.HostConfig undeploy
INFO: Undeploying context [/saiku]
mai 24, 2018 1:21:08 PM org.apache.catalina.loader.WebappClassLoader clearReferencesJdbc
WARNING: JDBC driver de-registration failed for web application [/saiku]
java.lang.NullPointerException
	at org.apache.catalina.loader.WebappClassLoader.clearReferencesJdbc(WebappClassLoader.java:2071)
	at org.apache.catalina.loader.WebappClassLoader.clearReferences(WebappClassLoader.java:2007)
	at org.apache.catalina.loader.WebappClassLoader.stop(WebappClassLoader.java:1908)
	at org.apache.catalina.loader.WebappLoader.stopInternal(WebappLoader.java:661)
	at org.apache.catalina.util.LifecycleBase.stop(LifecycleBase.java:232)
	at org.apache.catalina.core.StandardContext.stopInternal(StandardContext.java:5766)
	at org.apache.catalina.util.LifecycleBase.stop(LifecycleBase.java:232)
	at org.apache.catalina.core.ContainerBase.removeChild(ContainerBase.java:1028)
	at org.apache.catalina.startup.HostConfig.undeploy(HostConfig.java:1547)
	at org.apache.catalina.startup.HostConfig.checkResources(HostConfig.java:1474)
	at org.apache.catalina.startup.HostConfig.check(HostConfig.java:1695)
	at org.apache.catalina.startup.HostConfig.lifecycleEvent(HostConfig.java:333)
	at org.apache.catalina.util.LifecycleSupport.fireLifecycleEvent(LifecycleSupport.java:117)
	at org.apache.catalina.util.LifecycleBase.fireLifecycleEvent(LifecycleBase.java:90)
	at org.apache.catalina.core.ContainerBase.backgroundProcess(ContainerBase.java:1374)
	at org.apache.catalina.core.ContainerBase$ContainerBackgroundProcessor.processChildren(ContainerBase.java:1546)
	at org.apache.catalina.core.ContainerBase$ContainerBackgroundProcessor.processChildren(ContainerBase.java:1556)
	at org.apache.catalina.core.ContainerBase$ContainerBackgroundProcessor.run(ContainerBase.java:1524)
	at java.lang.Thread.run(Thread.java:748)

mai 24, 2018 1:21:08 PM org.apache.catalina.loader.WebappClassLoader clearReferencesThreads
SEVERE: The web application [/saiku] appears to have started a thread named [jackrabbit-pool-1] but has failed to stop it. This is very likely to create a memory leak.
mai 24, 2018 1:21:08 PM org.apache.catalina.loader.WebappClassLoader clearReferencesThreads
SEVERE: The web application [/saiku] appears to have started a thread named [Timer-1] but has failed to stop it. This is very likely to create a memory leak.
mai 24, 2018 1:21:08 PM org.apache.catalina.loader.WebappClassLoader clearReferencesThreads
SEVERE: The web application [/saiku] appears to have started a thread named [jackrabbit-pool-2] but has failed to stop it. This is very likely to create a memory leak.
mai 24, 2018 1:21:08 PM org.apache.catalina.loader.WebappClassLoader clearReferencesThreads
SEVERE: The web application [/saiku] appears to have started a thread named [jackrabbit-pool-3] but has failed to stop it. This is very likely to create a memory leak.
mai 24, 2018 1:21:08 PM org.apache.catalina.loader.WebappClassLoader clearReferencesThreads
SEVERE: The web application [/saiku] appears to have started a thread named [jackrabbit-pool-4] but has failed to stop it. This is very likely to create a memory leak.
mai 24, 2018 1:21:08 PM org.apache.catalina.loader.WebappClassLoader clearReferencesThreads
SEVERE: The web application [/saiku] appears to have started a thread named [jackrabbit-pool-5] but has failed to stop it. This is very likely to create a memory leak.
mai 24, 2018 1:21:08 PM org.apache.catalina.loader.WebappClassLoader clearReferencesThreads
SEVERE: The web application [/saiku] appears to have started a thread named [ObservationManager] but has failed to stop it. This is very likely to create a memory leak.
mai 24, 2018 1:21:08 PM org.apache.catalina.loader.WebappClassLoader clearReferencesThreads
SEVERE: The web application [/saiku] appears to have started a thread named [jackrabbit-pool-6] but has failed to stop it. This is very likely to create a memory leak.
mai 24, 2018 1:21:08 PM org.apache.catalina.loader.WebappClassLoader clearReferencesThreads
SEVERE: The web application [/saiku] appears to have started a thread named [jackrabbit-pool-7] but has failed to stop it. This is very likely to create a memory leak.
mai 24, 2018 1:21:08 PM org.apache.catalina.loader.WebappClassLoader clearReferencesThreads
SEVERE: The web application [/saiku] appears to have started a thread named [jackrabbit-pool-8] but has failed to stop it. This is very likely to create a memory leak.
mai 24, 2018 1:21:08 PM org.apache.catalina.loader.WebappClassLoader clearReferencesThreads
SEVERE: The web application [/saiku] appears to have started a thread named [DynamicPooledExecutor] but has failed to stop it. This is very likely to create a memory leak.
mai 24, 2018 1:21:08 PM org.apache.catalina.loader.WebappClassLoader clearReferencesThreads
SEVERE: The web application [/saiku] appears to have started a thread named [MVStore background writer nio:/home/ltakakura/poc-cubo/saiku-server/data/saiku.mv.db] but has failed to stop it. This is very likely to create a memory leak.
mai 24, 2018 1:21:08 PM org.apache.catalina.loader.WebappClassLoader clearReferencesThreads
SEVERE: The web application [/saiku] appears to have started a thread named [MVStore background writer nio:/home/ltakakura/poc-cubo/saiku-server/data/foodmart.mv.db] but has failed to stop it. This is very likely to create a memory leak.
mai 24, 2018 1:21:08 PM org.apache.catalina.loader.WebappClassLoader clearReferencesThreads
SEVERE: The web application [/saiku] appears to have started a thread named [MVStore background writer nio:/home/ltakakura/poc-cubo/saiku-server/data/earthquakes.mv.db] but has failed to stop it. This is very likely to create a memory leak.
mai 24, 2018 1:21:08 PM org.apache.catalina.loader.WebappClassLoader checkThreadLocalMapForLeaks
SEVERE: The web application [/saiku] created a ThreadLocal with key of type [java.lang.ThreadLocal] (value [java.lang.ThreadLocal@11d09124]) and a value of type [org.apache.derby.iapi.services.context.ContextManager] (value [org.apache.derby.iapi.services.context.ContextManager@1a8316e9]) but failed to remove it when the web application was stopped. Threads are going to be renewed over time to try and avoid a probable memory leak.
mai 24, 2018 1:21:08 PM org.apache.catalina.loader.WebappClassLoader checkThreadLocalMapForLeaks
SEVERE: The web application [/saiku] created a ThreadLocal with key of type [java.lang.ThreadLocal] (value [java.lang.ThreadLocal@11d09124]) and a value of type [org.apache.derby.iapi.services.context.ContextManager] (value [org.apache.derby.iapi.services.context.ContextManager@1f4b58c]) but failed to remove it when the web application was stopped. Threads are going to be renewed over time to try and avoid a probable memory leak.
mai 24, 2018 1:21:08 PM org.apache.catalina.loader.WebappClassLoader checkThreadLocalMapForLeaks
SEVERE: The web application [/saiku] created a ThreadLocal with key of type [java.lang.ThreadLocal] (value [java.lang.ThreadLocal@11d09124]) and a value of type [org.apache.derby.iapi.services.context.ContextManager] (value [org.apache.derby.iapi.services.context.ContextManager@6497ba6]) but failed to remove it when the web application was stopped. Threads are going to be renewed over time to try and avoid a probable memory leak.
mai 24, 2018 1:21:08 PM org.apache.catalina.loader.WebappClassLoader checkThreadLocalMapForLeaks
SEVERE: The web application [/saiku] created a ThreadLocal with key of type [java.lang.ThreadLocal] (value [java.lang.ThreadLocal@11d09124]) and a value of type [org.apache.derby.iapi.services.context.ContextManager] (value [org.apache.derby.iapi.services.context.ContextManager@14ccdb1c]) but failed to remove it when the web application was stopped. Threads are going to be renewed over time to try and avoid a probable memory leak.
mai 24, 2018 1:21:28 PM org.apache.catalina.startup.HostConfig deployDirectory
INFO: Deploying web application directory /home/ltakakura/poc-cubo/saiku-server/tomcat/webapps/ROOT
mai 24, 2018 1:21:29 PM org.apache.catalina.startup.HostConfig deployDirectory
INFO: Deployment of web application directory /home/ltakakura/poc-cubo/saiku-server/tomcat/webapps/ROOT has finished in 1,349 ms
mai 24, 2018 1:21:29 PM org.apache.catalina.startup.HostConfig deployDirectory
INFO: Deploying web application directory /home/ltakakura/poc-cubo/saiku-server/tomcat/webapps/saiku
mai 24, 2018 1:21:29 PM org.apache.catalina.startup.SetContextPropertiesRule begin
WARNING: [SetContextPropertiesRule]{Context} Setting property 'docbase' to 'webapps/saiku/' did not find a matching property.
mai 24, 2018 1:21:29 PM org.apache.tomcat.util.digester.SetPropertiesRule begin
WARNING: [SetPropertiesRule]{Context/Manager} Setting property 'debug' to '0' did not find a matching property.
mai 24, 2018 1:21:30 PM org.apache.catalina.loader.WebappClassLoader validateJarFile
INFO: validateJarFile(/home/ltakakura/poc-cubo/saiku-server/tomcat/webapps/saiku/WEB-INF/lib/javax.el-api-2.2.4.jar) - jar not loaded. See Servlet Spec 3.0, section 10.7.2. Offending class: javax/el/Expression.class
mai 24, 2018 1:21:30 PM org.apache.catalina.loader.WebappClassLoader validateJarFile
INFO: validateJarFile(/home/ltakakura/poc-cubo/saiku-server/tomcat/webapps/saiku/WEB-INF/lib/javax.servlet-api-3.1.0.jar) - jar not loaded. See Servlet Spec 3.0, section 10.7.2. Offending class: javax/servlet/Servlet.class
mai 24, 2018 1:21:30 PM org.apache.catalina.loader.WebappClassLoader validateJarFile
INFO: validateJarFile(/home/ltakakura/poc-cubo/saiku-server/tomcat/webapps/saiku/WEB-INF/lib/jsp-api-2.1.jar) - jar not loaded. See Servlet Spec 3.0, section 10.7.2. Offending class: javax/el/Expression.class
mai 24, 2018 1:21:30 PM org.apache.catalina.loader.WebappClassLoader validateJarFile
INFO: validateJarFile(/home/ltakakura/poc-cubo/saiku-server/tomcat/webapps/saiku/WEB-INF/lib/servlet-api-2.5-6.1.9.jar) - jar not loaded. See Servlet Spec 3.0, section 10.7.2. Offending class: javax/servlet/Servlet.class
mai 24, 2018 1:21:30 PM org.apache.catalina.loader.WebappClassLoader validateJarFile
INFO: validateJarFile(/home/ltakakura/poc-cubo/saiku-server/tomcat/webapps/saiku/WEB-INF/lib/servlet-api-2.5.jar) - jar not loaded. See Servlet Spec 3.0, section 10.7.2. Offending class: javax/servlet/Servlet.class
mai 24, 2018 1:21:40 PM org.apache.catalina.startup.TldConfig execute
INFO: At least one JAR was scanned for TLDs yet contained no TLDs. Enable debug logging for this logger for a complete list of JARs that were scanned but no TLDs were found in them. Skipping unneeded JARs during scanning can improve startup time and JSP compilation time.
mai 24, 2018 1:21:42 PM org.apache.catalina.core.StandardContext startInternal
SEVERE: One or more listeners failed to start. Full details will be found in the appropriate container log file
mai 24, 2018 1:21:42 PM org.apache.catalina.core.StandardContext startInternal
SEVERE: Context [/saiku] startup failed due to previous errors
mai 24, 2018 1:21:42 PM org.apache.catalina.loader.WebappClassLoader clearReferencesJdbc
SEVERE: The web application [/saiku] registered the JDBC driver [org.h2.Driver] but failed to unregister it when the web application was stopped. To prevent a memory leak, the JDBC Driver has been forcibly unregistered.
mai 24, 2018 1:21:42 PM org.apache.catalina.loader.WebappClassLoader clearReferencesThreads
SEVERE: The web application [/saiku] appears to have started a thread named [jackrabbit-pool-1] but has failed to stop it. This is very likely to create a memory leak.
mai 24, 2018 1:21:42 PM org.apache.catalina.startup.HostConfig deployDirectory
INFO: Deployment of web application directory /home/ltakakura/poc-cubo/saiku-server/tomcat/webapps/saiku has finished in 12,520 ms
mai 24, 2018 1:46:36 PM org.apache.catalina.core.StandardServer await
INFO: A valid shutdown command was received via the shutdown port. Stopping the Server instance.
mai 24, 2018 1:46:36 PM org.apache.coyote.AbstractProtocol pause
INFO: Pausing ProtocolHandler ["http-bio-8081"]
mai 24, 2018 1:46:36 PM org.apache.coyote.AbstractProtocol pause
INFO: Pausing ProtocolHandler ["ajp-bio-8009"]
mai 24, 2018 1:46:36 PM org.apache.catalina.core.StandardService stopInternal
INFO: Stopping service Catalina
mai 24, 2018 1:46:37 PM org.apache.coyote.AbstractProtocol stop
INFO: Stopping ProtocolHandler ["http-bio-8081"]
mai 24, 2018 1:46:37 PM org.apache.coyote.AbstractProtocol stop
INFO: Stopping ProtocolHandler ["ajp-bio-8009"]
mai 24, 2018 1:46:37 PM org.apache.coyote.AbstractProtocol destroy
INFO: Destroying ProtocolHandler ["http-bio-8081"]
mai 24, 2018 1:46:37 PM org.apache.coyote.AbstractProtocol destroy
INFO: Destroying ProtocolHandler ["ajp-bio-8009"]
mai 24, 2018 1:46:37 PM org.apache.catalina.loader.WebappClassLoader loadClass
INFO: Illegal access: this web application instance has been stopped already.  Could not load org.h2.mvstore.MVMap$2.  The eventual following stack trace is caused by an error thrown for debugging purposes as well as to attempt to terminate the thread which caused the illegal access, and has no functional impact.
java.lang.IllegalStateException
	at org.apache.catalina.loader.WebappClassLoader.loadClass(WebappClassLoader.java:1612)
	at org.apache.catalina.loader.WebappClassLoader.loadClass(WebappClassLoader.java:1571)
	at org.h2.mvstore.MVMap.entrySet(MVMap.java:865)
	at org.h2.store.LobStorageMap.removeAllForTable(LobStorageMap.java:309)
	at org.h2.engine.Database.removeOrphanedLobs(Database.java:1318)
	at org.h2.engine.Database.close(Database.java:1239)
	at org.h2.engine.DatabaseCloser.run(DatabaseCloser.java:63)

